{"/home/ubuntu/esnext-class/lib/index.js":{"path":"/home/ubuntu/esnext-class/lib/index.js","s":{"1":1,"2":1,"3":66,"4":1,"5":1,"6":52,"7":52,"8":110,"9":44,"10":66,"11":19,"12":2,"13":17,"14":17,"15":17,"16":17,"17":17,"18":17,"19":17,"20":1,"21":0,"22":0,"23":1,"24":16,"25":2,"26":2,"27":0,"28":0,"29":2,"30":17,"31":2,"32":2,"33":2,"34":1,"35":4,"36":4,"37":6,"38":4,"39":6,"40":4,"41":1,"42":2,"43":3,"44":4,"45":2,"46":1,"47":2,"48":1,"49":1,"50":1,"51":0,"52":1,"53":30,"54":30,"55":30,"56":30,"57":30,"58":30,"59":30,"60":30,"61":22,"62":8,"63":11,"64":14,"65":8,"66":0,"67":30,"68":1,"69":1,"70":0,"71":1,"72":1,"73":30,"74":30,"75":0,"76":30,"77":4,"78":4,"79":3,"80":3,"81":3,"82":3,"83":4,"84":3,"85":30,"86":30,"87":5,"88":30,"89":12,"90":11,"91":12,"92":30,"93":13,"94":30,"95":30,"96":2,"97":30,"98":1,"99":1,"100":1},"b":{"1":[1,0],"2":[44,66],"3":[110,57],"4":[19,47],"5":[66,23,6],"6":[2,17],"7":[17,17,3],"8":[17,17,3],"9":[1,16],"10":[0,1],"11":[2,14],"12":[2,0],"13":[0,2],"14":[2,15],"15":[17,17,17],"16":[0,2],"17":[4,2],"18":[2,2],"19":[30,12],"20":[11,19],"21":[22,8],"22":[8,14],"23":[22,9],"24":[0,8],"25":[1,29],"26":[30,1],"27":[12,18],"28":[0,30],"29":[4,26],"30":[3,1],"31":[5,25],"32":[12,18],"33":[11,1],"34":[13,17],"35":[2,28]},"f":{"1":66,"2":0,"3":52,"4":110,"5":2,"6":4,"7":6,"8":2,"9":3,"10":4,"11":2,"12":1,"13":0,"14":30,"15":11,"16":7,"17":3,"18":3,"19":4},"fnMap":{"1":{"name":"isNotASpecialKey","line":8,"loc":{"start":{"line":8,"column":23},"end":{"line":8,"column":65}}},"2":{"name":"(anonymous_2)","line":12,"loc":{"start":{"line":12,"column":27},"end":{"line":12,"column":39}}},"3":{"name":"copyProperties","line":15,"loc":{"start":{"line":15,"column":21},"end":{"line":15,"column":72}}},"4":{"name":"(anonymous_4)","line":17,"loc":{"start":{"line":17,"column":47},"end":{"line":17,"column":62}}},"5":{"name":"(anonymous_5)","line":51,"loc":{"start":{"line":51,"column":52},"end":{"line":51,"column":64}}},"6":{"name":"addMixins","line":75,"loc":{"start":{"line":75,"column":16},"end":{"line":75,"column":61}}},"7":{"name":"(anonymous_7)","line":77,"loc":{"start":{"line":77,"column":19},"end":{"line":77,"column":36}}},"8":{"name":"verifyImplementations","line":88,"loc":{"start":{"line":88,"column":28},"end":{"line":88,"column":79}}},"9":{"name":"(anonymous_9)","line":89,"loc":{"start":{"line":89,"column":23},"end":{"line":89,"column":45}}},"10":{"name":"(anonymous_10)","line":90,"loc":{"start":{"line":90,"column":40},"end":{"line":90,"column":55}}},"11":{"name":"lazyProperty","line":101,"loc":{"start":{"line":101,"column":15},"end":{"line":101,"column":44}}},"12":{"name":"constProperty","line":111,"loc":{"start":{"line":111,"column":19},"end":{"line":111,"column":49}}},"13":{"name":"lazyConstProperty","line":121,"loc":{"start":{"line":121,"column":20},"end":{"line":121,"column":54}}},"14":{"name":"newClass","line":129,"loc":{"start":{"line":129,"column":19},"end":{"line":129,"column":50}}},"15":{"name":"(anonymous_15)","line":139,"loc":{"start":{"line":139,"column":26},"end":{"line":139,"column":38}}},"16":{"name":"(anonymous_16)","line":143,"loc":{"start":{"line":143,"column":26},"end":{"line":143,"column":38}}},"17":{"name":"(anonymous_17)","line":179,"loc":{"start":{"line":179,"column":27},"end":{"line":179,"column":45}}},"18":{"name":"(anonymous_18)","line":180,"loc":{"start":{"line":180,"column":23},"end":{"line":180,"column":35}}},"19":{"name":"(anonymous_19)","line":183,"loc":{"start":{"line":183,"column":35},"end":{"line":183,"column":52}}}},"statementMap":{"1":{"start":{"line":7,"column":0},"end":{"line":7,"column":98}},"2":{"start":{"line":8,"column":0},"end":{"line":10,"column":2}},"3":{"start":{"line":9,"column":4},"end":{"line":9,"column":43}},"4":{"start":{"line":12,"column":0},"end":{"line":12,"column":42}},"5":{"start":{"line":15,"column":0},"end":{"line":72,"column":2}},"6":{"start":{"line":16,"column":4},"end":{"line":16,"column":56}},"7":{"start":{"line":17,"column":4},"end":{"line":71,"column":7}},"8":{"start":{"line":18,"column":8},"end":{"line":20,"column":9}},"9":{"start":{"line":19,"column":12},"end":{"line":19,"column":19}},"10":{"start":{"line":22,"column":8},"end":{"line":70,"column":9}},"11":{"start":{"line":23,"column":12},"end":{"line":69,"column":13}},"12":{"start":{"line":24,"column":16},"end":{"line":24,"column":43}},"13":{"start":{"line":26,"column":16},"end":{"line":26,"column":78}},"14":{"start":{"line":27,"column":16},"end":{"line":27,"column":150}},"15":{"start":{"line":28,"column":16},"end":{"line":28,"column":151}},"16":{"start":{"line":29,"column":16},"end":{"line":29,"column":36}},"17":{"start":{"line":30,"column":16},"end":{"line":30,"column":45}},"18":{"start":{"line":31,"column":16},"end":{"line":31,"column":41}},"19":{"start":{"line":32,"column":16},"end":{"line":47,"column":17}},"20":{"start":{"line":33,"column":20},"end":{"line":38,"column":21}},"21":{"start":{"line":34,"column":24},"end":{"line":34,"column":87}},"22":{"start":{"line":35,"column":24},"end":{"line":35,"column":64}},"23":{"start":{"line":37,"column":24},"end":{"line":37,"column":44}},"24":{"start":{"line":39,"column":23},"end":{"line":47,"column":17}},"25":{"start":{"line":40,"column":20},"end":{"line":40,"column":67}},"26":{"start":{"line":41,"column":20},"end":{"line":46,"column":21}},"27":{"start":{"line":42,"column":24},"end":{"line":42,"column":94}},"28":{"start":{"line":43,"column":24},"end":{"line":43,"column":71}},"29":{"start":{"line":45,"column":24},"end":{"line":45,"column":44}},"30":{"start":{"line":49,"column":16},"end":{"line":68,"column":19}},"31":{"start":{"line":52,"column":24},"end":{"line":52,"column":48}},"32":{"start":{"line":53,"column":24},"end":{"line":58,"column":27}},"33":{"start":{"line":59,"column":24},"end":{"line":59,"column":41}},"34":{"start":{"line":75,"column":0},"end":{"line":85,"column":2}},"35":{"start":{"line":76,"column":4},"end":{"line":76,"column":18}},"36":{"start":{"line":77,"column":4},"end":{"line":83,"column":7}},"37":{"start":{"line":78,"column":8},"end":{"line":80,"column":9}},"38":{"start":{"line":79,"column":12},"end":{"line":79,"column":34}},"39":{"start":{"line":82,"column":8},"end":{"line":82,"column":45}},"40":{"start":{"line":84,"column":4},"end":{"line":84,"column":16}},"41":{"start":{"line":88,"column":0},"end":{"line":96,"column":2}},"42":{"start":{"line":89,"column":4},"end":{"line":95,"column":7}},"43":{"start":{"line":90,"column":8},"end":{"line":94,"column":11}},"44":{"start":{"line":91,"column":12},"end":{"line":93,"column":13}},"45":{"start":{"line":92,"column":16},"end":{"line":92,"column":50}},"46":{"start":{"line":101,"column":0},"end":{"line":106,"column":2}},"47":{"start":{"line":102,"column":4},"end":{"line":105,"column":6}},"48":{"start":{"line":111,"column":0},"end":{"line":116,"column":2}},"49":{"start":{"line":112,"column":4},"end":{"line":115,"column":6}},"50":{"start":{"line":121,"column":0},"end":{"line":127,"column":2}},"51":{"start":{"line":122,"column":4},"end":{"line":126,"column":6}},"52":{"start":{"line":129,"column":0},"end":{"line":226,"column":2}},"53":{"start":{"line":130,"column":4},"end":{"line":130,"column":67}},"54":{"start":{"line":131,"column":4},"end":{"line":131,"column":53}},"55":{"start":{"line":132,"column":4},"end":{"line":132,"column":58}},"56":{"start":{"line":133,"column":4},"end":{"line":133,"column":40}},"57":{"start":{"line":134,"column":4},"end":{"line":134,"column":71}},"58":{"start":{"line":135,"column":4},"end":{"line":135,"column":66}},"59":{"start":{"line":136,"column":4},"end":{"line":136,"column":46}},"60":{"start":{"line":137,"column":4},"end":{"line":149,"column":5}},"61":{"start":{"line":138,"column":8},"end":{"line":144,"column":9}},"62":{"start":{"line":139,"column":12},"end":{"line":141,"column":14}},"63":{"start":{"line":140,"column":16},"end":{"line":140,"column":53}},"64":{"start":{"line":143,"column":12},"end":{"line":143,"column":41}},"65":{"start":{"line":146,"column":8},"end":{"line":148,"column":9}},"66":{"start":{"line":147,"column":12},"end":{"line":147,"column":60}},"67":{"start":{"line":151,"column":4},"end":{"line":167,"column":5}},"68":{"start":{"line":152,"column":8},"end":{"line":166,"column":9}},"69":{"start":{"line":153,"column":12},"end":{"line":157,"column":15}},"70":{"start":{"line":158,"column":12},"end":{"line":162,"column":15}},"71":{"start":{"line":164,"column":12},"end":{"line":164,"column":131}},"72":{"start":{"line":165,"column":12},"end":{"line":165,"column":49}},"73":{"start":{"line":169,"column":4},"end":{"line":169,"column":80}},"74":{"start":{"line":171,"column":4},"end":{"line":173,"column":5}},"75":{"start":{"line":172,"column":8},"end":{"line":172,"column":75}},"76":{"start":{"line":176,"column":4},"end":{"line":190,"column":5}},"77":{"start":{"line":177,"column":8},"end":{"line":177,"column":84}},"78":{"start":{"line":178,"column":8},"end":{"line":189,"column":9}},"79":{"start":{"line":179,"column":12},"end":{"line":188,"column":28}},"80":{"start":{"line":180,"column":16},"end":{"line":187,"column":18}},"81":{"start":{"line":181,"column":20},"end":{"line":181,"column":37}},"82":{"start":{"line":183,"column":20},"end":{"line":185,"column":23}},"83":{"start":{"line":184,"column":24},"end":{"line":184,"column":42}},"84":{"start":{"line":186,"column":20},"end":{"line":186,"column":57}},"85":{"start":{"line":192,"column":4},"end":{"line":192,"column":38}},"86":{"start":{"line":194,"column":4},"end":{"line":197,"column":5}},"87":{"start":{"line":196,"column":8},"end":{"line":196,"column":65}},"88":{"start":{"line":199,"column":4},"end":{"line":207,"column":5}},"89":{"start":{"line":201,"column":8},"end":{"line":204,"column":9}},"90":{"start":{"line":203,"column":12},"end":{"line":203,"column":54}},"91":{"start":{"line":206,"column":8},"end":{"line":206,"column":42}},"92":{"start":{"line":209,"column":4},"end":{"line":216,"column":5}},"93":{"start":{"line":210,"column":8},"end":{"line":215,"column":11}},"94":{"start":{"line":219,"column":4},"end":{"line":219,"column":49}},"95":{"start":{"line":221,"column":4},"end":{"line":223,"column":5}},"96":{"start":{"line":222,"column":8},"end":{"line":222,"column":79}},"97":{"start":{"line":225,"column":4},"end":{"line":225,"column":23}},"98":{"start":{"line":228,"column":0},"end":{"line":228,"column":37}},"99":{"start":{"line":229,"column":0},"end":{"line":229,"column":45}},"100":{"start":{"line":230,"column":0},"end":{"line":230,"column":47}}},"branchMap":{"1":{"line":12,"type":"binary-expr","locations":[{"start":{"line":12,"column":11},"end":{"line":12,"column":23}},{"start":{"line":12,"column":27},"end":{"line":12,"column":41}}]},"2":{"line":18,"type":"if","locations":[{"start":{"line":18,"column":8},"end":{"line":18,"column":8}},{"start":{"line":18,"column":8},"end":{"line":18,"column":8}}]},"3":{"line":18,"type":"binary-expr","locations":[{"start":{"line":18,"column":12},"end":{"line":18,"column":28}},{"start":{"line":18,"column":32},"end":{"line":18,"column":108}}]},"4":{"line":22,"type":"if","locations":[{"start":{"line":22,"column":8},"end":{"line":22,"column":8}},{"start":{"line":22,"column":8},"end":{"line":22,"column":8}}]},"5":{"line":22,"type":"binary-expr","locations":[{"start":{"line":22,"column":12},"end":{"line":22,"column":33}},{"start":{"line":22,"column":38},"end":{"line":22,"column":47}},{"start":{"line":22,"column":51},"end":{"line":22,"column":65}}]},"6":{"line":23,"type":"if","locations":[{"start":{"line":23,"column":12},"end":{"line":23,"column":12}},{"start":{"line":23,"column":12},"end":{"line":23,"column":12}}]},"7":{"line":27,"type":"binary-expr","locations":[{"start":{"line":27,"column":30},"end":{"line":27,"column":54}},{"start":{"line":27,"column":58},"end":{"line":27,"column":94}},{"start":{"line":27,"column":98},"end":{"line":27,"column":149}}]},"8":{"line":28,"type":"binary-expr","locations":[{"start":{"line":28,"column":29},"end":{"line":28,"column":60}},{"start":{"line":28,"column":64},"end":{"line":28,"column":100}},{"start":{"line":28,"column":104},"end":{"line":28,"column":150}}]},"9":{"line":32,"type":"if","locations":[{"start":{"line":32,"column":16},"end":{"line":32,"column":16}},{"start":{"line":32,"column":16},"end":{"line":32,"column":16}}]},"10":{"line":33,"type":"if","locations":[{"start":{"line":33,"column":20},"end":{"line":33,"column":20}},{"start":{"line":33,"column":20},"end":{"line":33,"column":20}}]},"11":{"line":39,"type":"if","locations":[{"start":{"line":39,"column":23},"end":{"line":39,"column":23}},{"start":{"line":39,"column":23},"end":{"line":39,"column":23}}]},"12":{"line":40,"type":"binary-expr","locations":[{"start":{"line":40,"column":43},"end":{"line":40,"column":48}},{"start":{"line":40,"column":52},"end":{"line":40,"column":66}}]},"13":{"line":41,"type":"if","locations":[{"start":{"line":41,"column":20},"end":{"line":41,"column":20}},{"start":{"line":41,"column":20},"end":{"line":41,"column":20}}]},"14":{"line":49,"type":"cond-expr","locations":[{"start":{"line":49,"column":102},"end":{"line":63,"column":17}},{"start":{"line":63,"column":20},"end":{"line":68,"column":17}}]},"15":{"line":49,"type":"binary-expr","locations":[{"start":{"line":49,"column":57},"end":{"line":49,"column":71}},{"start":{"line":49,"column":75},"end":{"line":49,"column":89}},{"start":{"line":49,"column":93},"end":{"line":49,"column":99}}]},"16":{"line":51,"type":"cond-expr","locations":[{"start":{"line":51,"column":35},"end":{"line":51,"column":49}},{"start":{"line":51,"column":52},"end":{"line":60,"column":21}}]},"17":{"line":78,"type":"if","locations":[{"start":{"line":78,"column":8},"end":{"line":78,"column":8}},{"start":{"line":78,"column":8},"end":{"line":78,"column":8}}]},"18":{"line":91,"type":"if","locations":[{"start":{"line":91,"column":12},"end":{"line":91,"column":12}},{"start":{"line":91,"column":12},"end":{"line":91,"column":12}}]},"19":{"line":134,"type":"binary-expr","locations":[{"start":{"line":134,"column":29},"end":{"line":134,"column":38}},{"start":{"line":134,"column":42},"end":{"line":134,"column":70}}]},"20":{"line":135,"type":"cond-expr","locations":[{"start":{"line":135,"column":40},"end":{"line":135,"column":56}},{"start":{"line":135,"column":59},"end":{"line":135,"column":65}}]},"21":{"line":137,"type":"if","locations":[{"start":{"line":137,"column":4},"end":{"line":137,"column":4}},{"start":{"line":137,"column":4},"end":{"line":137,"column":4}}]},"22":{"line":138,"type":"if","locations":[{"start":{"line":138,"column":8},"end":{"line":138,"column":8}},{"start":{"line":138,"column":8},"end":{"line":138,"column":8}}]},"23":{"line":138,"type":"binary-expr","locations":[{"start":{"line":138,"column":12},"end":{"line":138,"column":21}},{"start":{"line":138,"column":25},"end":{"line":138,"column":43}}]},"24":{"line":146,"type":"if","locations":[{"start":{"line":146,"column":8},"end":{"line":146,"column":8}},{"start":{"line":146,"column":8},"end":{"line":146,"column":8}}]},"25":{"line":151,"type":"if","locations":[{"start":{"line":151,"column":4},"end":{"line":151,"column":4}},{"start":{"line":151,"column":4},"end":{"line":151,"column":4}}]},"26":{"line":151,"type":"binary-expr","locations":[{"start":{"line":151,"column":8},"end":{"line":151,"column":15}},{"start":{"line":151,"column":19},"end":{"line":151,"column":56}}]},"27":{"line":169,"type":"cond-expr","locations":[{"start":{"line":169,"column":32},"end":{"line":169,"column":55}},{"start":{"line":169,"column":58},"end":{"line":169,"column":79}}]},"28":{"line":171,"type":"if","locations":[{"start":{"line":171,"column":4},"end":{"line":171,"column":4}},{"start":{"line":171,"column":4},"end":{"line":171,"column":4}}]},"29":{"line":176,"type":"if","locations":[{"start":{"line":176,"column":4},"end":{"line":176,"column":4}},{"start":{"line":176,"column":4},"end":{"line":176,"column":4}}]},"30":{"line":178,"type":"if","locations":[{"start":{"line":178,"column":8},"end":{"line":178,"column":8}},{"start":{"line":178,"column":8},"end":{"line":178,"column":8}}]},"31":{"line":194,"type":"if","locations":[{"start":{"line":194,"column":4},"end":{"line":194,"column":4}},{"start":{"line":194,"column":4},"end":{"line":194,"column":4}}]},"32":{"line":199,"type":"if","locations":[{"start":{"line":199,"column":4},"end":{"line":199,"column":4}},{"start":{"line":199,"column":4},"end":{"line":199,"column":4}}]},"33":{"line":201,"type":"if","locations":[{"start":{"line":201,"column":8},"end":{"line":201,"column":8}},{"start":{"line":201,"column":8},"end":{"line":201,"column":8}}]},"34":{"line":209,"type":"if","locations":[{"start":{"line":209,"column":4},"end":{"line":209,"column":4}},{"start":{"line":209,"column":4},"end":{"line":209,"column":4}}]},"35":{"line":221,"type":"if","locations":[{"start":{"line":221,"column":4},"end":{"line":221,"column":4}},{"start":{"line":221,"column":4},"end":{"line":221,"column":4}}]}}}}