TN:
SF:/home/ubuntu/esnext-class/lib/index.js
FN:8,isNotASpecialKey
FN:12,(anonymous_2)
FN:15,copyProperties
FN:17,(anonymous_4)
FN:51,(anonymous_5)
FN:75,addMixins
FN:77,(anonymous_7)
FN:88,verifyImplementations
FN:89,(anonymous_9)
FN:90,(anonymous_10)
FN:101,lazyProperty
FN:111,constProperty
FN:121,lazyConstProperty
FN:129,newClass
FN:139,(anonymous_15)
FN:143,(anonymous_16)
FN:179,(anonymous_17)
FN:180,(anonymous_18)
FN:183,(anonymous_19)
FNF:19
FNH:17
FNDA:66,isNotASpecialKey
FNDA:0,(anonymous_2)
FNDA:52,copyProperties
FNDA:110,(anonymous_4)
FNDA:2,(anonymous_5)
FNDA:4,addMixins
FNDA:6,(anonymous_7)
FNDA:2,verifyImplementations
FNDA:3,(anonymous_9)
FNDA:4,(anonymous_10)
FNDA:2,lazyProperty
FNDA:1,constProperty
FNDA:0,lazyConstProperty
FNDA:30,newClass
FNDA:11,(anonymous_15)
FNDA:7,(anonymous_16)
FNDA:3,(anonymous_17)
FNDA:3,(anonymous_18)
FNDA:4,(anonymous_19)
DA:7,1
DA:8,1
DA:9,66
DA:12,1
DA:15,1
DA:16,52
DA:17,52
DA:18,110
DA:19,44
DA:22,66
DA:23,19
DA:24,2
DA:26,17
DA:27,17
DA:28,17
DA:29,17
DA:30,17
DA:31,17
DA:32,17
DA:33,1
DA:34,0
DA:35,0
DA:37,1
DA:39,16
DA:40,2
DA:41,2
DA:42,0
DA:43,0
DA:45,2
DA:49,17
DA:52,2
DA:53,2
DA:59,2
DA:75,1
DA:76,4
DA:77,4
DA:78,6
DA:79,4
DA:82,6
DA:84,4
DA:88,1
DA:89,2
DA:90,3
DA:91,4
DA:92,2
DA:101,1
DA:102,2
DA:111,1
DA:112,1
DA:121,1
DA:122,0
DA:129,1
DA:130,30
DA:131,30
DA:132,30
DA:133,30
DA:134,30
DA:135,30
DA:136,30
DA:137,30
DA:138,22
DA:139,8
DA:140,11
DA:143,14
DA:146,8
DA:147,0
DA:151,30
DA:152,1
DA:153,1
DA:158,0
DA:164,1
DA:165,1
DA:169,30
DA:171,30
DA:172,0
DA:176,30
DA:177,4
DA:178,4
DA:179,3
DA:180,3
DA:181,3
DA:183,3
DA:184,4
DA:186,3
DA:192,30
DA:194,30
DA:196,5
DA:199,30
DA:201,12
DA:203,11
DA:206,12
DA:209,30
DA:210,13
DA:219,30
DA:221,30
DA:222,2
DA:225,30
DA:228,1
DA:229,1
DA:230,1
LF:100
LH:92
BRDA:12,1,0,1
BRDA:12,1,1,0
BRDA:18,2,0,44
BRDA:18,2,1,66
BRDA:18,3,0,110
BRDA:18,3,1,57
BRDA:22,4,0,19
BRDA:22,4,1,47
BRDA:22,5,0,66
BRDA:22,5,1,23
BRDA:22,5,2,6
BRDA:23,6,0,2
BRDA:23,6,1,17
BRDA:27,7,0,17
BRDA:27,7,1,17
BRDA:27,7,2,3
BRDA:28,8,0,17
BRDA:28,8,1,17
BRDA:28,8,2,3
BRDA:32,9,0,1
BRDA:32,9,1,16
BRDA:33,10,0,0
BRDA:33,10,1,1
BRDA:39,11,0,2
BRDA:39,11,1,14
BRDA:40,12,0,2
BRDA:40,12,1,0
BRDA:41,13,0,0
BRDA:41,13,1,2
BRDA:49,14,0,2
BRDA:49,14,1,15
BRDA:49,15,0,17
BRDA:49,15,1,17
BRDA:49,15,2,17
BRDA:51,16,0,0
BRDA:51,16,1,2
BRDA:78,17,0,4
BRDA:78,17,1,2
BRDA:91,18,0,2
BRDA:91,18,1,2
BRDA:134,19,0,30
BRDA:134,19,1,12
BRDA:135,20,0,11
BRDA:135,20,1,19
BRDA:137,21,0,22
BRDA:137,21,1,8
BRDA:138,22,0,8
BRDA:138,22,1,14
BRDA:138,23,0,22
BRDA:138,23,1,9
BRDA:146,24,0,0
BRDA:146,24,1,8
BRDA:151,25,0,1
BRDA:151,25,1,29
BRDA:151,26,0,30
BRDA:151,26,1,1
BRDA:169,27,0,12
BRDA:169,27,1,18
BRDA:171,28,0,0
BRDA:171,28,1,30
BRDA:176,29,0,4
BRDA:176,29,1,26
BRDA:178,30,0,3
BRDA:178,30,1,1
BRDA:194,31,0,5
BRDA:194,31,1,25
BRDA:199,32,0,12
BRDA:199,32,1,18
BRDA:201,33,0,11
BRDA:201,33,1,1
BRDA:209,34,0,13
BRDA:209,34,1,17
BRDA:221,35,0,2
BRDA:221,35,1,28
BRF:74
BRH:67
end_of_record
